<?xml version="1.0" encoding="UTF-8"?>
<!-- Generated by org.testng.reporters.JUnitReportReporter -->
<testsuite hostname="SVRODK00097" name="test.automation.HomeTest" tests="1" failures="0" timestamp="2 Aug 2018 12:33:27 GMT" time="6.479" errors="0">
  <testcase name="validHomePage" time="6.479" classname="test.automation.HomeTest"/>
</testsuite> <!-- test.automation.HomeTest -->
