<?xml version="1.0" encoding="UTF-8"?>
<!-- Generated by org.testng.reporters.JUnitReportReporter -->
<testsuite hostname="SVRODK00097" name="test.automation.ValidationTab3Test" tests="1" failures="0" timestamp="2 Aug 2018 13:02:32 GMT" time="6.083" errors="0">
  <testcase name="validTextTab3Test" time="6.083" classname="test.automation.ValidationTab3Test"/>
</testsuite> <!-- test.automation.ValidationTab3Test -->
